<?xml version="1.0" encoding="UTF-8"?>
<!-- Generated by org.testng.reporters.JUnitXMLReporter -->
<testsuite ignored="2" hostname="TYSS-Channaveerayya" failures="1" tests="3" name="Test" time="66.106" errors="0" timestamp="2024-07-02T12:40:30 IST">
  <testcase classname="org.tyss.knolskape.testcases.UI_UX_Test" name="ui_ux_Test" time="7.894"/>
  <testcase classname="org.tyss.knolskape.testcases.CheckWhetherLinksAreBrokenTest" name="checkWhetherLinksAreBroken" time="10.282"/>
  <testcase classname="org.tyss.knolskape.testcases.CheckTheExpectedElementsArePresentInUITest" name="checkTheExpectedElementsArePresentInUI" time="19.343">
    <failure type="java.lang.AssertionError" message="expected [Leaderboard Your Communication Score To know more about your performance in the simulation, download your personalized report. DOWNLOAD REPORT] but found [Progress 0/ 13 00 mins : 00 secs 0.83 Understanding 0.94 Expressing Leaderboard Info Sign out Copyright Leaderboard Your Communication Score To know more about your performance in the simulation, download your personalized report. DOWNLOAD REPORT]">
      <![CDATA[java.lang.AssertionError: expected [Leaderboard Your Communication Score To know more about your performance in the simulation, download your personalized report. DOWNLOAD REPORT] but found [Progress 0/ 13 00 mins : 00 secs 0.83 Understanding 0.94 Expressing Leaderboard Info Sign out Copyright Leaderboard Your Communication Score To know more about your performance in the simulation, download your personalized report. DOWNLOAD REPORT]
at org.tyss.knolskape.testcases.CheckTheExpectedElementsArePresentInUITest.checkTheExpectedElementsArePresentInUI(CheckTheExpectedElementsArePresentInUITest.java:41)
at java.base/java.util.ArrayList.forEach(ArrayList.java:1511)
... Removed 33 stack frames]]>
    </failure>
  </testcase> <!-- checkTheExpectedElementsArePresentInUI -->
  <testcase classname="org.tyss.knolskape.genericutility.BaseClass" name="@BeforeSuite configBS" time="0.0">
    <ignored/>
  </testcase> <!-- @BeforeSuite configBS -->
  <testcase classname="org.tyss.knolskape.genericutility.BaseClass" name="@BeforeSuite configBS" time="0.0">
    <ignored/>
  </testcase> <!-- @BeforeSuite configBS -->
</testsuite> <!-- Test -->
