<?xml version="1.0" encoding="UTF-8"?>
<testng-results ignored="0" total="3" passed="2" failed="1" skipped="0">
  <reporter-output>
  </reporter-output>
  <suite started-at="2024-07-05T15:39:12 IST" name="Suite" finished-at="2024-07-05T15:40:16 IST" duration-ms="64807">
    <groups>
    </groups>
    <test started-at="2024-07-05T15:39:12 IST" name="Test" finished-at="2024-07-05T15:40:16 IST" duration-ms="64807">
      <class name="org.tyss.knolskape.testcases.CheckWhetherLinksAreBrokenTest">
        <test-method is-config="true" signature="configBC()[pri:0, instance:org.tyss.knolskape.testcases.CheckWhetherLinksAreBrokenTest@2ab4bc72]" started-at="2024-07-05T15:39:33 IST" name="configBC" finished-at="2024-07-05T15:39:36 IST" duration-ms="3697" status="PASS">
          <reporter-output>
          </reporter-output>
        </test-method> <!-- configBC -->
        <test-method signature="checkWhetherLinksAreBrokenTest()[pri:0, instance:org.tyss.knolskape.testcases.CheckWhetherLinksAreBrokenTest@2ab4bc72]" started-at="2024-07-05T15:39:36 IST" name="checkWhetherLinksAreBrokenTest" finished-at="2024-07-05T15:39:48 IST" duration-ms="11471" status="PASS">
          <reporter-output>
          </reporter-output>
        </test-method> <!-- checkWhetherLinksAreBrokenTest -->
        <test-method is-config="true" signature="configBM(org.testng.ITestResult)[pri:0, instance:org.tyss.knolskape.testcases.CheckWhetherLinksAreBrokenTest@2ab4bc72]" started-at="2024-07-05T15:39:36 IST" name="configBM" finished-at="2024-07-05T15:39:36 IST" duration-ms="0" status="PASS">
          <params>
            <param index="0">
              <value>
                <![CDATA[[TestResult name={null} status=CREATED method=CheckWhetherLinksAreBrokenTest.checkWhetherLinksAreBrokenTest()[pri:0, instance:org.tyss.knolskape.testcases.CheckWhetherLinksAreBrokenTest@2ab4bc72] output={null}]]]>
              </value>
            </param>
          </params>
          <reporter-output>
          </reporter-output>
        </test-method> <!-- configBM -->
        <test-method is-config="true" signature="configAM(org.testng.ITestResult)[pri:0, instance:org.tyss.knolskape.testcases.CheckWhetherLinksAreBrokenTest@2ab4bc72]" started-at="2024-07-05T15:39:48 IST" name="configAM" finished-at="2024-07-05T15:39:49 IST" duration-ms="1594" status="PASS">
          <params>
            <param index="0">
              <value>
                <![CDATA[[TestResult name=checkWhetherLinksAreBrokenTest status=SUCCESS method=CheckWhetherLinksAreBrokenTest.checkWhetherLinksAreBrokenTest()[pri:0, instance:org.tyss.knolskape.testcases.CheckWhetherLinksAreBrokenTest@2ab4bc72] output={null}]]]>
              </value>
            </param>
          </params>
          <reporter-output>
          </reporter-output>
        </test-method> <!-- configAM -->
        <test-method is-config="true" signature="configAC()[pri:0, instance:org.tyss.knolskape.testcases.CheckWhetherLinksAreBrokenTest@2ab4bc72]" started-at="2024-07-05T15:39:49 IST" name="configAC" finished-at="2024-07-05T15:39:50 IST" duration-ms="249" status="PASS">
          <reporter-output>
          </reporter-output>
        </test-method> <!-- configAC -->
      </class> <!-- org.tyss.knolskape.testcases.CheckWhetherLinksAreBrokenTest -->
      <class name="org.tyss.knolskape.testcases.CheckTheExpectedElementsArePresentInGuiTest">
        <test-method is-config="true" signature="configBC()[pri:0, instance:org.tyss.knolskape.testcases.CheckTheExpectedElementsArePresentInGuiTest@4e5ed836]" started-at="2024-07-05T15:39:50 IST" name="configBC" finished-at="2024-07-05T15:39:54 IST" duration-ms="4381" status="PASS">
          <reporter-output>
          </reporter-output>
        </test-method> <!-- configBC -->
        <test-method signature="checkTheExpectedElementsArePresentInGuiTest()[pri:0, instance:org.tyss.knolskape.testcases.CheckTheExpectedElementsArePresentInGuiTest@4e5ed836]" started-at="2024-07-05T15:39:54 IST" name="checkTheExpectedElementsArePresentInGuiTest" finished-at="2024-07-05T15:40:15 IST" duration-ms="20514" status="FAIL">
          <exception class="java.lang.AssertionError">
            <message>
              <![CDATA[expected [Leaderboard Your Communication Score To know more about your performance in the simulation, download your personalized report. DOWNLOAD REPORT] but found [Progress 0/ 13 00 mins : 00 secs 0.83 Understanding 0.94 Expressing Leaderboard Info Sign out Copyright Leaderboard Your Communication Score To know more about your performance in the simulation, download your personalized report. DOWNLOAD REPORT]]]>
            </message>
            <full-stacktrace>
              <![CDATA[java.lang.AssertionError: expected [Leaderboard Your Communication Score To know more about your performance in the simulation, download your personalized report. DOWNLOAD REPORT] but found [Progress 0/ 13 00 mins : 00 secs 0.83 Understanding 0.94 Expressing Leaderboard Info Sign out Copyright Leaderboard Your Communication Score To know more about your performance in the simulation, download your personalized report. DOWNLOAD REPORT]
at org.testng.Assert.fail(Assert.java:111)
at org.testng.Assert.failNotEquals(Assert.java:1578)
at org.testng.Assert.assertEqualsImpl(Assert.java:150)
at org.testng.Assert.assertEquals(Assert.java:132)
at org.testng.Assert.assertEquals(Assert.java:656)
at org.testng.Assert.assertEquals(Assert.java:666)
at org.tyss.knolskape.genericutility.AssertionUtility.assertTwoStrings(AssertionUtility.java:10)
at org.tyss.knolskape.testcases.CheckTheExpectedElementsArePresentInGuiTest.checkTheExpectedElementsArePresentInGuiTest(CheckTheExpectedElementsArePresentInGuiTest.java:44)
at java.base/jdk.internal.reflect.NativeMethodAccessorImpl.invoke0(Native Method)
at java.base/jdk.internal.reflect.NativeMethodAccessorImpl.invoke(NativeMethodAccessorImpl.java:77)
at java.base/jdk.internal.reflect.DelegatingMethodAccessorImpl.invoke(DelegatingMethodAccessorImpl.java:43)
at java.base/java.lang.reflect.Method.invoke(Method.java:568)
at org.testng.internal.invokers.MethodInvocationHelper.invokeMethod(MethodInvocationHelper.java:139)
at org.testng.internal.invokers.TestInvoker.invokeMethod(TestInvoker.java:664)
at org.testng.internal.invokers.TestInvoker.invokeTestMethod(TestInvoker.java:227)
at org.testng.internal.invokers.MethodRunner.runInSequence(MethodRunner.java:50)
at org.testng.internal.invokers.TestInvoker$MethodInvocationAgent.invoke(TestInvoker.java:957)
at org.testng.internal.invokers.TestInvoker.invokeTestMethods(TestInvoker.java:200)
at org.testng.internal.invokers.TestMethodWorker.invokeTestMethods(TestMethodWorker.java:148)
at org.testng.internal.invokers.TestMethodWorker.run(TestMethodWorker.java:128)
at java.base/java.util.ArrayList.forEach(ArrayList.java:1511)
at org.testng.TestRunner.privateRun(TestRunner.java:848)
at org.testng.TestRunner.run(TestRunner.java:621)
at org.testng.SuiteRunner.runTest(SuiteRunner.java:443)
at org.testng.SuiteRunner.runSequentially(SuiteRunner.java:437)
at org.testng.SuiteRunner.privateRun(SuiteRunner.java:397)
at org.testng.SuiteRunner.run(SuiteRunner.java:336)
at org.testng.SuiteRunnerWorker.runSuite(SuiteRunnerWorker.java:52)
at org.testng.SuiteRunnerWorker.run(SuiteRunnerWorker.java:95)
at org.testng.TestNG.runSuitesSequentially(TestNG.java:1280)
at org.testng.TestNG.runSuitesLocally(TestNG.java:1200)
at org.testng.TestNG.runSuites(TestNG.java:1114)
at org.testng.TestNG.run(TestNG.java:1082)
at org.testng.remote.AbstractRemoteTestNG.run(AbstractRemoteTestNG.java:115)
at org.testng.remote.RemoteTestNG.initAndRun(RemoteTestNG.java:251)
at org.testng.remote.RemoteTestNG.main(RemoteTestNG.java:77)
]]>
            </full-stacktrace>
          </exception> <!-- java.lang.AssertionError -->
          <reporter-output>
          </reporter-output>
        </test-method> <!-- checkTheExpectedElementsArePresentInGuiTest -->
        <test-method is-config="true" signature="configBM(org.testng.ITestResult)[pri:0, instance:org.tyss.knolskape.testcases.CheckTheExpectedElementsArePresentInGuiTest@4e5ed836]" started-at="2024-07-05T15:39:54 IST" name="configBM" finished-at="2024-07-05T15:39:54 IST" duration-ms="0" status="PASS">
          <params>
            <param index="0">
              <value>
                <![CDATA[[TestResult name={null} status=CREATED method=CheckTheExpectedElementsArePresentInGuiTest.checkTheExpectedElementsArePresentInGuiTest()[pri:0, instance:org.tyss.knolskape.testcases.CheckTheExpectedElementsArePresentInGuiTest@4e5ed836] output={null}]]]>
              </value>
            </param>
          </params>
          <reporter-output>
          </reporter-output>
        </test-method> <!-- configBM -->
        <test-method is-config="true" signature="configAM(org.testng.ITestResult)[pri:0, instance:org.tyss.knolskape.testcases.CheckTheExpectedElementsArePresentInGuiTest@4e5ed836]" started-at="2024-07-05T15:40:15 IST" name="configAM" finished-at="2024-07-05T15:40:16 IST" duration-ms="1409" status="PASS">
          <params>
            <param index="0">
              <value>
                <![CDATA[[TestResult name=checkTheExpectedElementsArePresentInGuiTest status=FAILURE method=CheckTheExpectedElementsArePresentInGuiTest.checkTheExpectedElementsArePresentInGuiTest()[pri:0, instance:org.tyss.knolskape.testcases.CheckTheExpectedElementsArePresentInGuiTest@4e5ed836] output={null}]]]>
              </value>
            </param>
          </params>
          <reporter-output>
          </reporter-output>
        </test-method> <!-- configAM -->
        <test-method is-config="true" signature="configAC()[pri:0, instance:org.tyss.knolskape.testcases.CheckTheExpectedElementsArePresentInGuiTest@4e5ed836]" started-at="2024-07-05T15:40:16 IST" name="configAC" finished-at="2024-07-05T15:40:16 IST" duration-ms="229" status="PASS">
          <reporter-output>
          </reporter-output>
        </test-method> <!-- configAC -->
      </class> <!-- org.tyss.knolskape.testcases.CheckTheExpectedElementsArePresentInGuiTest -->
      <class name="org.tyss.knolskape.testcases.UI_UX_Test">
        <test-method is-config="true" signature="configBS(org.testng.xml.XmlTest)[pri:0, instance:org.tyss.knolskape.testcases.UI_UX_Test@1a245833]" started-at="2024-07-05T15:39:07 IST" name="configBS" finished-at="2024-07-05T15:39:12 IST" duration-ms="4824" status="PASS">
          <params>
            <param index="0">
              <value>
                <![CDATA[org.testng.xml.XmlTest@5e3b5f0f]]>
              </value>
            </param>
          </params>
          <reporter-output>
          </reporter-output>
        </test-method> <!-- configBS -->
        <test-method is-config="true" signature="configBC()[pri:0, instance:org.tyss.knolskape.testcases.UI_UX_Test@1a245833]" started-at="2024-07-05T15:39:12 IST" name="configBC" finished-at="2024-07-05T15:39:21 IST" duration-ms="9089" status="PASS">
          <reporter-output>
          </reporter-output>
        </test-method> <!-- configBC -->
        <test-method signature="ui_ux_Test()[pri:0, instance:org.tyss.knolskape.testcases.UI_UX_Test@1a245833]" started-at="2024-07-05T15:39:21 IST" name="ui_ux_Test" finished-at="2024-07-05T15:39:30 IST" duration-ms="9247" status="PASS">
          <reporter-output>
          </reporter-output>
        </test-method> <!-- ui_ux_Test -->
        <test-method is-config="true" signature="configBM(org.testng.ITestResult)[pri:0, instance:org.tyss.knolskape.testcases.UI_UX_Test@1a245833]" started-at="2024-07-05T15:39:21 IST" name="configBM" finished-at="2024-07-05T15:39:21 IST" duration-ms="0" status="PASS">
          <params>
            <param index="0">
              <value>
                <![CDATA[[TestResult name={null} status=CREATED method=UI_UX_Test.ui_ux_Test()[pri:0, instance:org.tyss.knolskape.testcases.UI_UX_Test@1a245833] output={null}]]]>
              </value>
            </param>
          </params>
          <reporter-output>
          </reporter-output>
        </test-method> <!-- configBM -->
        <test-method is-config="true" signature="configAM(org.testng.ITestResult)[pri:0, instance:org.tyss.knolskape.testcases.UI_UX_Test@1a245833]" started-at="2024-07-05T15:39:30 IST" name="configAM" finished-at="2024-07-05T15:39:32 IST" duration-ms="1977" status="PASS">
          <params>
            <param index="0">
              <value>
                <![CDATA[[TestResult name=ui_ux_Test status=SUCCESS method=UI_UX_Test.ui_ux_Test()[pri:0, instance:org.tyss.knolskape.testcases.UI_UX_Test@1a245833] output={null}]]]>
              </value>
            </param>
          </params>
          <reporter-output>
          </reporter-output>
        </test-method> <!-- configAM -->
        <test-method is-config="true" signature="configAC()[pri:0, instance:org.tyss.knolskape.testcases.UI_UX_Test@1a245833]" started-at="2024-07-05T15:39:32 IST" name="configAC" finished-at="2024-07-05T15:39:33 IST" duration-ms="320" status="PASS">
          <reporter-output>
          </reporter-output>
        </test-method> <!-- configAC -->
      </class> <!-- org.tyss.knolskape.testcases.UI_UX_Test -->
    </test> <!-- Test -->
  </suite> <!-- Suite -->
</testng-results>
